<?xml version="1.0" encoding="UTF-8"?>
<testsuite name="test.collective.SimpleAgedCacheTest" tests="4" skipped="0" failures="0" errors="0" timestamp="2023-07-23T10:29:56" hostname="DESKTOP-G1ATV0J" time="0.007">
  <properties/>
  <testcase name="getExpired" classname="test.collective.SimpleAgedCacheTest" time="0.006"/>
  <testcase name="get" classname="test.collective.SimpleAgedCacheTest" time="0.0"/>
  <testcase name="size" classname="test.collective.SimpleAgedCacheTest" time="0.0"/>
  <testcase name="isEmpty" classname="test.collective.SimpleAgedCacheTest" time="0.0"/>
  <system-out><![CDATA[]]></system-out>
  <system-err><![CDATA[]]></system-err>
</testsuite>
